0 info it worked if it ends with ok
1 verbose cli [ '/Users/Jagbomb/.nvm/v6.10.2/bin/node',
1 verbose cli   '/Users/Jagbomb/.nvm/v6.10.2/bin/npm',
1 verbose cli   'run',
1 verbose cli   'lint' ]
2 info using npm@3.10.10
3 info using node@v6.10.2
4 verbose run-script [ 'prelint', 'lint', 'postlint' ]
5 info lifecycle sql-source-control@1.6.0~prelint: sql-source-control@1.6.0
6 silly lifecycle sql-source-control@1.6.0~prelint: no script for prelint, continuing
7 info lifecycle sql-source-control@1.6.0~lint: sql-source-control@1.6.0
8 verbose lifecycle sql-source-control@1.6.0~lint: unsafe-perm in lifecycle true
9 verbose lifecycle sql-source-control@1.6.0~lint: PATH: /Users/Jagbomb/.nvm/v6.10.2/lib/node_modules/npm/bin/node-gyp-bin:/Users/Jagbomb/Documents/Wibilong/sql-source-control/node_modules/.bin:/Users/Jagbomb/.rvm/gems/ruby-2.0.0-p247/bin:/Users/Jagbomb/.rvm/gems/ruby-2.0.0-p247@global/bin:/Users/Jagbomb/.rvm/rubies/ruby-2.0.0-p247/bin:/Users/Jagbomb/.nvm/v6.10.2/bin:/opt/ccache/:/opt/local/bin:/opt/local/sbin:/usr/local/bin:/usr/bin:/bin:/usr/sbin:/sbin:/usr/local/git/bin:/usr/local/mongodb/bin:/Users/Jagbomb/Documents/1x1/express-mvc-bootstrap:/Applications/adt/sdk/platform-tools:/Applications/adt/sdk/tools:/Users/Jagbomb/.rvm/bin
10 verbose lifecycle sql-source-control@1.6.0~lint: CWD: /Users/Jagbomb/Documents/Wibilong/sql-source-control
11 silly lifecycle sql-source-control@1.6.0~lint: Args: [ '-c', 'tslint -c ./tslint.json -p ./tsconfig.json' ]
12 info lifecycle sql-source-control@1.6.0~lint: Failed to exec lint script
13 verbose stack Error: sql-source-control@1.6.0 lint: `tslint -c ./tslint.json -p ./tsconfig.json`
13 verbose stack spawn ENOENT
13 verbose stack     at ChildProcess.<anonymous> (/Users/Jagbomb/.nvm/v6.10.2/lib/node_modules/npm/lib/utils/spawn.js:33:16)
13 verbose stack     at emitTwo (events.js:106:13)
13 verbose stack     at ChildProcess.emit (events.js:191:7)
13 verbose stack     at maybeClose (internal/child_process.js:886:16)
13 verbose stack     at Process.ChildProcess._handle.onexit (internal/child_process.js:226:5)
14 verbose pkgid sql-source-control@1.6.0
15 verbose cwd /Users/Jagbomb/Documents/Wibilong/sql-source-control
16 error Darwin 17.2.0
17 error argv "/Users/Jagbomb/.nvm/v6.10.2/bin/node" "/Users/Jagbomb/.nvm/v6.10.2/bin/npm" "run" "lint"
18 error node v6.10.2
19 error npm  v3.10.10
20 error file sh
21 error code ELIFECYCLE
22 error errno ENOENT
23 error syscall spawn
24 error sql-source-control@1.6.0 lint: `tslint -c ./tslint.json -p ./tsconfig.json`
24 error spawn ENOENT
25 error Failed at the sql-source-control@1.6.0 lint script 'tslint -c ./tslint.json -p ./tsconfig.json'.
25 error Make sure you have the latest version of node.js and npm installed.
25 error If you do, this is most likely a problem with the sql-source-control package,
25 error not with npm itself.
25 error Tell the author that this fails on your system:
25 error     tslint -c ./tslint.json -p ./tsconfig.json
25 error You can get information on how to open an issue for this project with:
25 error     npm bugs sql-source-control
25 error Or if that isn't available, you can get their info via:
25 error     npm owner ls sql-source-control
25 error There is likely additional logging output above.
26 verbose exit [ 1, true ]
